<html>
<head>
<title>TestNG:  Test</title>
<link href="../testng.css" rel="stylesheet" type="text/css" />
<link href="../my-testng.css" rel="stylesheet" type="text/css" />

<style type="text/css">
.log { display: none;} 
.stack-trace { display: none;} 
</style>
<script type="text/javascript">
<!--
function flip(e) {
  current = e.style.display;
  if (current == 'block') {
    e.style.display = 'none';
    return 0;
  }
  else {
    e.style.display = 'block';
    return 1;
  }
}

function toggleBox(szDivId, elem, msg1, msg2)
{
  var res = -1;  if (document.getElementById) {
    res = flip(document.getElementById(szDivId));
  }
  else if (document.all) {
    // this is the way old msie versions work
    res = flip(document.all[szDivId]);
  }
  if(elem) {
    if(res == 0) elem.innerHTML = msg1; else elem.innerHTML = msg2;
  }

}

function toggleAllBoxes() {
  if (document.getElementsByTagName) {
    d = document.getElementsByTagName('div');
    for (i = 0; i < d.length; i++) {
      if (d[i].className == 'log') {
        flip(d[i]);
      }
    }
  }
}

// -->
</script>

</head>
<body>
<h2 align='center'>Test</h2><table border='1' align="center">
<tr>
<td>Tests passed/Failed/Skipped:</td><td>24/1/2</td>
</tr><tr>
<td>Started on:</td><td>Thu Jul 10 23:08:26 IST 2025</td>
</tr>
<tr><td>Total time:</td><td>21 seconds (21211 ms)</td>
</tr><tr>
<td>Included groups:</td><td></td>
</tr><tr>
<td>Excluded groups:</td><td></td>
</tr>
</table><p/>
<small><i>(Hover the method name to see the test class name)</i></small><p/>
<table width='100%' border='1' class='invocation-failed'>
<tr><td colspan='4' align='center'><b>FAILED TESTS</b></td></tr>
<tr><td><b>Test method</b></td>
<td><b>Attribute(s)</b></td>
<td width="30%"><b>Exception</b></td>
<td width="10%"><b>Time (seconds)</b></td>
<td><b>Instance</b></td>
</tr>
<tr>
<td title='TestNG.TestNg6.a()'><b>a</b><br>Test class: TestNG.TestNg6</td>
<td><div><pre>java.lang.AssertionError: expected [true] but found [false]
	at TestNG.TestNg6.a(TestNg6.java:16)
	at java.base/java.util.ArrayList.forEach(ArrayList.java:1511)
... Removed 31 stack frames</pre></div><a href='#' onClick='toggleBox("stack-trace1677984391", this, "Click to show all stack frames", "Click to hide stack frames")'>Click to show all stack frames</a>
<div class='stack-trace' id='stack-trace1677984391'><pre>java.lang.AssertionError: expected [true] but found [false]
	at org.testng.Assert.fail(Assert.java:111)
	at org.testng.Assert.failNotEquals(Assert.java:1590)
	at org.testng.Assert.assertTrue(Assert.java:57)
	at org.testng.Assert.assertTrue(Assert.java:67)
	at TestNG.TestNg6.a(TestNg6.java:16)
	at java.base/jdk.internal.reflect.NativeMethodAccessorImpl.invoke0(Native Method)
	at java.base/jdk.internal.reflect.NativeMethodAccessorImpl.invoke(NativeMethodAccessorImpl.java:77)
	at java.base/jdk.internal.reflect.DelegatingMethodAccessorImpl.invoke(DelegatingMethodAccessorImpl.java:43)
	at java.base/java.lang.reflect.Method.invoke(Method.java:568)
	at org.testng.internal.invokers.MethodInvocationHelper.invokeMethod(MethodInvocationHelper.java:141)
	at org.testng.internal.invokers.TestInvoker.invokeMethod(TestInvoker.java:687)
	at org.testng.internal.invokers.TestInvoker.invokeTestMethod(TestInvoker.java:230)
	at org.testng.internal.invokers.MethodRunner.runInSequence(MethodRunner.java:63)
	at org.testng.internal.invokers.TestInvoker$MethodInvocationAgent.invoke(TestInvoker.java:995)
	at org.testng.internal.invokers.TestInvoker.invokeTestMethods(TestInvoker.java:203)
	at org.testng.internal.invokers.TestMethodWorker.invokeTestMethods(TestMethodWorker.java:154)
	at org.testng.internal.invokers.TestMethodWorker.run(TestMethodWorker.java:134)
	at java.base/java.util.ArrayList.forEach(ArrayList.java:1511)
	at org.testng.TestRunner.privateRun(TestRunner.java:741)
	at org.testng.TestRunner.run(TestRunner.java:616)
	at org.testng.SuiteRunner.runTest(SuiteRunner.java:421)
	at org.testng.SuiteRunner.runSequentially(SuiteRunner.java:413)
	at org.testng.SuiteRunner.privateRun(SuiteRunner.java:373)
	at org.testng.SuiteRunner.run(SuiteRunner.java:312)
	at org.testng.SuiteRunnerWorker.runSuite(SuiteRunnerWorker.java:52)
	at org.testng.SuiteRunnerWorker.run(SuiteRunnerWorker.java:95)
	at org.testng.TestNG.runSuitesSequentially(TestNG.java:1274)
	at org.testng.TestNG.runSuitesLocally(TestNG.java:1208)
	at org.testng.TestNG.runSuites(TestNG.java:1112)
	at org.testng.TestNG.run(TestNG.java:1079)
	at org.testng.remote.AbstractRemoteTestNG.run(AbstractRemoteTestNG.java:115)
	at org.testng.remote.RemoteTestNG.initAndRun(RemoteTestNG.java:293)
	at org.testng.remote.RemoteTestNG.main(RemoteTestNG.java:91)
</pre></div></td>
<td>0</td>
<td>TestNG.TestNg6@4681c175</td></tr>
</table><p>
<table width='100%' border='1' class='invocation-passed'>
<tr><td colspan='4' align='center'><b>PASSED TESTS</b></td></tr>
<tr><td><b>Test method</b></td>
<td><b>Attribute(s)</b></td>
<td width="30%"><b>Exception</b></td>
<td width="10%"><b>Time (seconds)</b></td>
<td><b>Instance</b></td>
</tr>
<tr>
<td title='TestNG.TestNg2.z()'><b>z</b><br>Test class: TestNG.TestNg2</td>
<td></td>
<td>0</td>
<td>TestNG.TestNg2@273444fe</td></tr>
<tr>
<td title='TestNG.TestNg7.c()'><b>c</b><br>Test class: TestNG.TestNg7</td>
<td></td>
<td>0</td>
<td>TestNG.TestNg7@57a78e3</td></tr>
<tr>
<td title='TestNG.TestNg3.a1()'><b>a1</b><br>Test class: TestNG.TestNg3</td>
<td></td>
<td>0</td>
<td>TestNG.TestNg3@33bc72d1</td></tr>
<tr>
<td title='TestNG.TestNg8.enterData()'><b>enterData</b><br>Test class: TestNG.TestNg8<br>Parameters: abc@gmail.com, abc123</td>
<td></td>
<td>6</td>
<td>TestNG.TestNg8@1a75e76a</td></tr>
<tr>
<td title='TestNG.TestNg1.a1()'><b>a1</b><br>Test class: TestNG.TestNg1</td>
<td></td>
<td>0</td>
<td>TestNG.TestNg1@cc43f62</td></tr>
<tr>
<td title='TestNG.TestNg7.d()'><b>d</b><br>Test class: TestNG.TestNg7</td>
<td></td>
<td>0</td>
<td>TestNG.TestNg7@57a78e3</td></tr>
<tr>
<td title='TestNG.TestNg7.b()'><b>b</b><br>Test class: TestNG.TestNg7</td>
<td></td>
<td>0</td>
<td>TestNG.TestNg7@57a78e3</td></tr>
<tr>
<td title='TestNG.TestNg4.d()'><b>d</b><br>Test class: TestNG.TestNg4</td>
<td></td>
<td>0</td>
<td>TestNG.TestNg4@5524cca1</td></tr>
<tr>
<td title='TestNG.TestNg7.a()'><b>a</b><br>Test class: TestNG.TestNg7</td>
<td></td>
<td>0</td>
<td>TestNG.TestNg7@57a78e3</td></tr>
<tr>
<td title='TestNG.TestNg2.ab()'><b>ab</b><br>Test class: TestNG.TestNg2</td>
<td></td>
<td>0</td>
<td>TestNG.TestNg2@273444fe</td></tr>
<tr>
<td title='TestNG.TestNg2.a3()'><b>a3</b><br>Test class: TestNG.TestNg2</td>
<td></td>
<td>0</td>
<td>TestNG.TestNg2@273444fe</td></tr>
<tr>
<td title='TestNG.TestNg5.a()'><b>a</b><br>Test class: TestNG.TestNg5</td>
<td></td>
<td>0</td>
<td>TestNG.TestNg5@5032714f</td></tr>
<tr>
<td title='TestNG.TestNg7.e()'><b>e</b><br>Test class: TestNG.TestNg7</td>
<td></td>
<td>0</td>
<td>TestNG.TestNg7@57a78e3</td></tr>
<tr>
<td title='TestNG.TestNg3.a3()'><b>a3</b><br>Test class: TestNG.TestNg3</td>
<td></td>
<td>0</td>
<td>TestNG.TestNg3@33bc72d1</td></tr>
<tr>
<td title='TestNG.TestNg4.c()'><b>c</b><br>Test class: TestNG.TestNg4</td>
<td></td>
<td>0</td>
<td>TestNG.TestNg4@5524cca1</td></tr>
<tr>
<td title='TestNG.TestNg1.a2()'><b>a2</b><br>Test class: TestNG.TestNg1</td>
<td></td>
<td>0</td>
<td>TestNG.TestNg1@cc43f62</td></tr>
<tr>
<td title='TestNG.TestNg3.a4()'><b>a4</b><br>Test class: TestNG.TestNg3</td>
<td></td>
<td>0</td>
<td>TestNG.TestNg3@33bc72d1</td></tr>
<tr>
<td title='TestNG.TestNg4.d()'><b>d</b><br>Test class: TestNG.TestNg4</td>
<td></td>
<td>0</td>
<td>TestNG.TestNg4@5524cca1</td></tr>
<tr>
<td title='TestNG.TestNg8.enterData()'><b>enterData</b><br>Test class: TestNG.TestNg8<br>Parameters: TestData2, TestData2</td>
<td></td>
<td>6</td>
<td>TestNG.TestNg8@1a75e76a</td></tr>
<tr>
<td title='TestNG.TestNg8.enterData()'><b>enterData</b><br>Test class: TestNG.TestNg8<br>Parameters: TestData3, TestData3</td>
<td></td>
<td>6</td>
<td>TestNG.TestNg8@1a75e76a</td></tr>
<tr>
<td title='TestNG.TestNg1.A1()'><b>A1</b><br>Test class: TestNG.TestNg1</td>
<td></td>
<td>0</td>
<td>TestNG.TestNg1@cc43f62</td></tr>
<tr>
<td title='TestNG.TestNg5.c()'><b>c</b><br>Test class: TestNG.TestNg5</td>
<td></td>
<td>0</td>
<td>TestNG.TestNg5@5032714f</td></tr>
<tr>
<td title='TestNG.TestNg3.a2()'><b>a2</b><br>Test class: TestNG.TestNg3</td>
<td></td>
<td>0</td>
<td>TestNG.TestNg3@33bc72d1</td></tr>
<tr>
<td title='TestNG.TestNg6.z()'><b>z</b><br>Test class: TestNG.TestNg6</td>
<td></td>
<td>0</td>
<td>TestNG.TestNg6@4681c175</td></tr>
</table><p>
<table width='100%' border='1' class='invocation-skipped'>
<tr><td colspan='4' align='center'><b>SKIPPED TESTS</b></td></tr>
<tr><td><b>Test method</b></td>
<td><b>Attribute(s)</b></td>
<td width="30%"><b>Exception</b></td>
<td width="10%"><b>Time (seconds)</b></td>
<td><b>Instance</b></td>
</tr>
<tr>
<td title='TestNG.TestNg6.b()'><b>b</b><br>Test class: TestNG.TestNg6</td>
<td><div><pre>java.lang.Throwable: Method TestNG.TestNg6.b() on instance TestNG.TestNg6@4681c175 depends on not successfully finished methods 
[TestNG.TestNg6.a() on instance TestNG.TestNg6@4681c175
TestNG.TestNg6.z() on instance TestNG.TestNg6@4681c175]
	at java.base/java.util.ArrayList.forEach(ArrayList.java:1511)
... Removed 18 stack frames</pre></div><a href='#' onClick='toggleBox("stack-trace1596653154", this, "Click to show all stack frames", "Click to hide stack frames")'>Click to show all stack frames</a>
<div class='stack-trace' id='stack-trace1596653154'><pre>java.lang.Throwable: Method TestNG.TestNg6.b() on instance TestNG.TestNg6@4681c175 depends on not successfully finished methods 
[TestNG.TestNg6.a() on instance TestNG.TestNg6@4681c175
TestNG.TestNg6.z() on instance TestNG.TestNg6@4681c175]
	at org.testng.internal.invokers.TestInvoker.invokeTestMethods(TestInvoker.java:159)
	at org.testng.internal.invokers.TestMethodWorker.invokeTestMethods(TestMethodWorker.java:154)
	at org.testng.internal.invokers.TestMethodWorker.run(TestMethodWorker.java:134)
	at java.base/java.util.ArrayList.forEach(ArrayList.java:1511)
	at org.testng.TestRunner.privateRun(TestRunner.java:741)
	at org.testng.TestRunner.run(TestRunner.java:616)
	at org.testng.SuiteRunner.runTest(SuiteRunner.java:421)
	at org.testng.SuiteRunner.runSequentially(SuiteRunner.java:413)
	at org.testng.SuiteRunner.privateRun(SuiteRunner.java:373)
	at org.testng.SuiteRunner.run(SuiteRunner.java:312)
	at org.testng.SuiteRunnerWorker.runSuite(SuiteRunnerWorker.java:52)
	at org.testng.SuiteRunnerWorker.run(SuiteRunnerWorker.java:95)
	at org.testng.TestNG.runSuitesSequentially(TestNG.java:1274)
	at org.testng.TestNG.runSuitesLocally(TestNG.java:1208)
	at org.testng.TestNG.runSuites(TestNG.java:1112)
	at org.testng.TestNG.run(TestNG.java:1079)
	at org.testng.remote.AbstractRemoteTestNG.run(AbstractRemoteTestNG.java:115)
	at org.testng.remote.RemoteTestNG.initAndRun(RemoteTestNG.java:293)
	at org.testng.remote.RemoteTestNG.main(RemoteTestNG.java:91)
</pre></div></td>
<td>0</td>
<td>TestNG.TestNg6@4681c175</td></tr>
<tr>
<td title='TestNG.TestNg4.f()'><b>f</b><br>Test class: TestNG.TestNg4</td>
<td><div><pre>org.testng.SkipException: Skipped f test method
	at TestNG.TestNg4.f(TestNg4.java:36)
	at java.base/java.util.ArrayList.forEach(ArrayList.java:1511)
... Removed 27 stack frames</pre></div><a href='#' onClick='toggleBox("stack-trace355649049", this, "Click to show all stack frames", "Click to hide stack frames")'>Click to show all stack frames</a>
<div class='stack-trace' id='stack-trace355649049'><pre>org.testng.SkipException: Skipped f test method
	at TestNG.TestNg4.f(TestNg4.java:36)
	at java.base/jdk.internal.reflect.NativeMethodAccessorImpl.invoke0(Native Method)
	at java.base/jdk.internal.reflect.NativeMethodAccessorImpl.invoke(NativeMethodAccessorImpl.java:77)
	at java.base/jdk.internal.reflect.DelegatingMethodAccessorImpl.invoke(DelegatingMethodAccessorImpl.java:43)
	at java.base/java.lang.reflect.Method.invoke(Method.java:568)
	at org.testng.internal.invokers.MethodInvocationHelper.invokeMethod(MethodInvocationHelper.java:141)
	at org.testng.internal.invokers.TestInvoker.invokeMethod(TestInvoker.java:687)
	at org.testng.internal.invokers.TestInvoker.invokeTestMethod(TestInvoker.java:230)
	at org.testng.internal.invokers.MethodRunner.runInSequence(MethodRunner.java:63)
	at org.testng.internal.invokers.TestInvoker$MethodInvocationAgent.invoke(TestInvoker.java:995)
	at org.testng.internal.invokers.TestInvoker.invokeTestMethods(TestInvoker.java:203)
	at org.testng.internal.invokers.TestMethodWorker.invokeTestMethods(TestMethodWorker.java:154)
	at org.testng.internal.invokers.TestMethodWorker.run(TestMethodWorker.java:134)
	at java.base/java.util.ArrayList.forEach(ArrayList.java:1511)
	at org.testng.TestRunner.privateRun(TestRunner.java:741)
	at org.testng.TestRunner.run(TestRunner.java:616)
	at org.testng.SuiteRunner.runTest(SuiteRunner.java:421)
	at org.testng.SuiteRunner.runSequentially(SuiteRunner.java:413)
	at org.testng.SuiteRunner.privateRun(SuiteRunner.java:373)
	at org.testng.SuiteRunner.run(SuiteRunner.java:312)
	at org.testng.SuiteRunnerWorker.runSuite(SuiteRunnerWorker.java:52)
	at org.testng.SuiteRunnerWorker.run(SuiteRunnerWorker.java:95)
	at org.testng.TestNG.runSuitesSequentially(TestNG.java:1274)
	at org.testng.TestNG.runSuitesLocally(TestNG.java:1208)
	at org.testng.TestNG.runSuites(TestNG.java:1112)
	at org.testng.TestNG.run(TestNG.java:1079)
	at org.testng.remote.AbstractRemoteTestNG.run(AbstractRemoteTestNG.java:115)
	at org.testng.remote.RemoteTestNG.initAndRun(RemoteTestNG.java:293)
	at org.testng.remote.RemoteTestNG.main(RemoteTestNG.java:91)
</pre></div></td>
<td>0</td>
<td>TestNG.TestNg4@5524cca1</td></tr>
</table><p>
</body>
</html>